<?xml version="1.0" encoding="UTF-8"?>
<!-- Generated by org.testng.reporters.JUnitReportReporter -->
<testsuite hostname="LAPTOP-ISB078RO" failures="0" tests="1" name="org.qa.test.launchPageTest" time="8.943" errors="0" timestamp="2023-07-30T10:14:46 PDT" skipped="0">
  <testcase classname="org.qa.test.launchPageTest" name="clickLogin" time="8.943"/>
</testsuite> <!-- org.qa.test.launchPageTest -->
