<?xml version="1.0" encoding="UTF-8"?>
<!-- Generated by org.testng.reporters.JUnitReportReporter -->
<testsuite hostname="LAPTOP-ISB078RO" failures="0" tests="2" name="org.qa.test.LoginPageTest" time="24.757" errors="0" timestamp="2023-07-31T09:56:02 PDT" skipped="0">
  <testcase classname="org.qa.test.LoginPageTest" name="clickLogin" time="9.314"/>
  <testcase classname="org.qa.test.LoginPageTest" name="clickLogin" time="15.443"/>
</testsuite> <!-- org.qa.test.LoginPageTest -->
